114
19 38 1 20
57 74 1 61
29 32 2 29
51 54 2 34
62 95 2 96
18 60 4 10
39 46 4 74
69 76 4 60
14 71 5 27
39 60 6 21
37 51 7 10
25 90 8 10
4 38 9 54
9 91 9 57
22 41 9 41
87 90 9 98
1 19 10 41
47 77 10 84
7 63 11 96
39 62 12 33
84 88 12 18
28 62 13 50
54 100 14 74
17 70 16 24
25 27 16 91
30 80 16 25
34 85 17 55
61 80 17 74
67 72 17 62
34 56 18 21
8 49 19 73
37 51 19 55
62 80 20 24
4 61 21 60
13 79 21 73
31 68 21 71
45 53 21 54
19 56 22 87
4 47 23 97
24 42 23 85
32 46 23 42
41 70 24 87
22 48 25 81
15 38 26 90
50 89 26 63
93 99 26 84
26 65 27 38
77 81 27 67
16 41 28 89
29 86 28 32
39 47 28 60
45 49 28 57
11 39 29 83
50 59 29 90
54 77 29 77
11 50 30 90
1 14 31 48
1 43 33 97
40 76 33 56
76 97 34 59
41 99 35 66
50 64 35 97
42 99 36 71
64 78 36 85
83 93 36 74
26 41 37 88
73 83 37 85
65 69 38 71
56 89 39 41
73 80 39 90
46 62 40 100
69 86 40 71
23 95 42 60
7 89 44 90
11 21 44 48
16 82 44 97
38 72 44 94
54 76 45 63
28 80 47 51
7 60 48 74
69 89 49 84
36 80 52 97
45 70 53 100
75 95 53 60
84 99 53 55
39 60 54 79
27 43 56 86
33 64 56 57
52 99 56 91
57 95 56 87
64 85 56 96
25 49 57 74
25 96 63 88
73 99 63 94
74 85 63 97
7 99 64 73
19 64 64 66
48 61 64 97
11 100 66 84
65 99 67 97
75 89 69 74
66 70 71 98
35 97 74 81
61 89 75 79
71 80 75 87
4 89 80 90
4 28 83 84
100 100 85 97
81 95 88 90
96 100 91 96
62 99 92 97
14 71 93 95
83 99 95 97
86 100 97 97
