514 993 H
514 744 A
514 495 B
265 993 G
265 495 C
16 993 F
16 744 E
16 495 D
529 923 H
529 674 A
529 425 B
280 923 G
280 425 C
31 923 F
31 674 E
31 425 D
534 838 H
534 589 A
534 340 B
285 838 G
285 340 C
36 838 F
36 589 E
36 340 D
537 694 H
537 445 A
537 196 B
288 694 G
288 196 C
39 694 F
39 445 E
39 196 D
538 997 H
538 748 A
538 499 B
289 997 G
289 499 C
40 997 F
40 748 E
40 499 D
560 527 H
560 278 A
560 29 B
311 527 G
311 29 C
62 527 F
62 278 E
62 29 D
565 677 H
565 428 A
565 179 B
316 677 G
316 179 C
67 677 F
67 428 E
67 179 D
569 900 H
569 651 A
569 402 B
320 900 G
320 402 C
71 900 F
71 651 E
71 402 D
585 880 H
585 631 A
585 382 B
336 880 G
336 382 C
87 880 F
87 631 E
87 382 D
620 961 H
620 712 A
620 463 B
371 961 G
371 463 C
122 961 F
122 712 E
122 463 D
628 854 H
628 605 A
628 356 B
379 854 G
379 356 C
130 854 F
130 605 E
130 356 D
644 570 H
644 321 A
644 72 B
395 570 G
395 72 C
146 570 F
146 321 E
146 72 D
645 701 H
645 452 A
645 203 B
396 701 G
396 203 C
147 701 F
147 452 E
147 203 D
647 945 H
647 696 A
647 447 B
398 945 G
398 447 C
149 945 F
149 696 E
149 447 D
651 899 H
651 650 A
651 401 B
402 899 G
402 401 C
153 899 F
153 650 E
153 401 D
651 907 H
651 658 A
651 409 B
402 907 G
402 409 C
153 907 F
153 658 E
153 409 D
654 900 H
654 651 A
654 402 B
405 900 G
405 402 C
156 900 F
156 651 E
156 402 D
660 718 H
660 469 A
660 220 B
411 718 G
411 220 C
162 718 F
162 469 E
162 220 D
696 551 H
696 302 A
696 53 B
447 551 G
447 53 C
198 551 F
198 302 E
198 53 D
703 615 H
703 366 A
703 117 B
454 615 G
454 117 C
205 615 F
205 366 E
205 117 D
705 798 H
705 549 A
705 300 B
456 798 G
456 300 C
207 798 F
207 549 E
207 300 D
713 505 H
713 256 A
713 7 B
464 505 G
464 7 C
215 505 F
215 256 E
215 7 D
721 913 H
721 664 A
721 415 B
472 913 G
472 415 C
223 913 F
223 664 E
223 415 D
741 620 H
741 371 A
741 122 B
492 620 G
492 122 C
243 620 F
243 371 E
243 122 D
747 562 H
747 313 A
747 64 B
498 562 G
498 64 C
249 562 F
249 313 E
249 64 D
759 688 H
759 439 A
759 190 B
510 688 G
510 190 C
261 688 F
261 439 E
261 190 D
771 537 H
771 288 A
771 39 B
522 537 G
522 39 C
273 537 F
273 288 E
273 39 D
774 610 H
774 361 A
774 112 B
525 610 G
525 112 C
276 610 F
276 361 E
276 112 D
786 800 H
786 551 A
786 302 B
537 800 G
537 302 C
288 800 F
288 551 E
288 302 D
794 863 H
794 614 A
794 365 B
545 863 G
545 365 C
296 863 F
296 614 E
296 365 D
803 572 H
803 323 A
803 74 B
554 572 G
554 74 C
305 572 F
305 323 E
305 74 D
803 596 H
803 347 A
803 98 B
554 596 G
554 98 C
305 596 F
305 347 E
305 98 D
813 597 H
813 348 A
813 99 B
564 597 G
564 99 C
315 597 F
315 348 E
315 99 D
826 575 H
826 326 A
826 77 B
577 575 G
577 77 C
328 575 F
328 326 E
328 77 D
829 941 H
829 692 A
829 443 B
580 941 G
580 443 C
331 941 F
331 692 E
331 443 D
837 960 H
837 711 A
837 462 B
588 960 G
588 462 C
339 960 F
339 711 E
339 462 D
841 534 H
841 285 A
841 36 B
592 534 G
592 36 C
343 534 F
343 285 E
343 36 D
897 745 H
897 496 A
897 247 B
648 745 G
648 247 C
399 745 F
399 496 E
399 247 D
897 872 H
897 623 A
897 374 B
648 872 G
648 374 C
399 872 F
399 623 E
399 374 D
900 988 H
900 739 A
900 490 B
651 988 G
651 490 C
402 988 F
402 739 E
402 490 D
903 500 H
903 251 A
903 2 B
654 500 G
654 2 C
405 500 F
405 251 E
405 2 D
907 757 H
907 508 A
907 259 B
658 757 G
658 259 C
409 757 F
409 508 E
409 259 D
924 638 H
924 389 A
924 140 B
675 638 G
675 140 C
426 638 F
426 389 E
426 140 D
933 526 H
933 277 A
933 28 B
684 526 G
684 28 C
435 526 F
435 277 E
435 28 D
944 913 H
944 664 A
944 415 B
695 913 G
695 415 C
446 913 F
446 664 E
446 415 D
947 867 H
947 618 A
947 369 B
698 867 G
698 369 C
449 867 F
449 618 E
449 369 D
967 707 H
967 458 A
967 209 B
718 707 G
718 209 C
469 707 F
469 458 E
469 209 D
980 545 H
980 296 A
980 47 B
731 545 G
731 47 C
482 545 F
482 296 E
482 47 D
980 751 H
980 502 A
980 253 B
731 751 G
731 253 C
482 751 F
482 502 E
482 253 D
989 656 H
989 407 A
989 158 B
740 656 G
740 158 C
491 656 F
491 407 E
491 158 D
